2025-03-02 08:27:20:2720 [31merror[39m: [31mRegistration error: Validation failed[39m
2025-03-02 08:27:20:2720 [31merror[39m: [31m[POST] /api/auth/register >> StatusCode:: 400, Message:: Validation failed[39m
2025-03-02 08:27:34:2734 [31merror[39m: [31mRegistration error: Validation failed[39m
2025-03-02 08:27:34:2734 [31merror[39m: [31m[POST] /api/auth/register >> StatusCode:: 400, Message:: Validation failed[39m
2025-03-02 08:27:44:2744 [31merror[39m: [31mRegistration error: Validation failed[39m
2025-03-02 08:27:44:2744 [31merror[39m: [31m[POST] /api/auth/register >> StatusCode:: 400, Message:: Validation failed[39m
2025-03-02 08:51:54:5154 [31merror[39m: [31mLogin error: CAPTCHA verification failed: CAPTCHA verification failed[39m
2025-03-02 08:54:58:5458 [31merror[39m: [31mLogin error: CAPTCHA verification failed: CAPTCHA verification failed[39m
2025-03-02 08:56:20:5620 [31merror[39m: [31mLogin error: Account is not verified. Please check your email for verification link.[39m
2025-03-02 08:58:18:5818 [31merror[39m: [31mLogin error: Account is not verified. Please check your email for verification link.[39m
2025-03-02 09:09:45:945 [31merror[39m: [31mRegistration error: A user with this email already exists[39m
2025-03-02 09:10:16:1016 [31merror[39m: [31mRegistration error: [39m
[31mInvalid `prisma.user.create()` invocation in[39m
[31mE:\Work\MIST_Hackathon\server\src\services\auth.service.js:97:36[39m

[31m  94 const verificationToken = generateRandomToken();[39m
[31m  95 [39m
[31m  96 // Create user in database[39m
[31m→ 97 const user = await prisma.user.create({[39m
[31m       data: {[39m
[31m         email: "ahsan2007030@stud.kuet.ac.bd",[39m
[31m         password: "$2b$10$SMV0TasQViLScOXWzvbOve2H5caootOKMqHXEoMQTcH.8JmYi.pVO",[39m
[31m         firstName: "Raufun",[39m
[31m         ~~~~~~~~~[39m
[31m         lastName: "Ahsan",[39m
[31m         role: "STUDENT",[39m
[31m         verificationToken: "6269511a42f6f0a6028e784c8bcb60bd93b0db8616613f454859764a63d7f7f4",[39m
[31m     ?   id?: String,[39m
[31m     ?   status?: UserStatus,[39m
[31m     ?   emailVerified?: Boolean,[39m
[31m     ?   resetToken?: String | Null,[39m
[31m     ?   resetTokenExpiry?: DateTime | Null,[39m
[31m     ?   createdAt?: DateTime,[39m
[31m     ?   updatedAt?: DateTime,[39m
[31m     ?   profile?: ProfileCreateNestedOneWithoutUserInput,[39m
[31m     ?   sessions?: SessionCreateNestedManyWithoutUserInput,[39m
[31m     ?   messages?: MessageCreateNestedManyWithoutSenderInput,[39m
[31m     ?   receivedMessages?: MessageCreateNestedManyWithoutReceiverInput,[39m
[31m     ?   notifications?: NotificationCreateNestedManyWithoutUserInput[39m
[31m       }[39m
[31m     })[39m

[31mUnknown argument `firstName`. Available options are marked with ?.[39m
2025-03-02 09:10:16:1016 [31merror[39m: [31m[POST] /api/auth/register >> StatusCode:: 500, Message:: [39m
[31mInvalid `prisma.user.create()` invocation in[39m
[31mE:\Work\MIST_Hackathon\server\src\services\auth.service.js:97:36[39m

[31m  94 const verificationToken = generateRandomToken();[39m
[31m  95 [39m
[31m  96 // Create user in database[39m
[31m→ 97 const user = await prisma.user.create({[39m
[31m       data: {[39m
[31m         email: "ahsan2007030@stud.kuet.ac.bd",[39m
[31m         password: "$2b$10$SMV0TasQViLScOXWzvbOve2H5caootOKMqHXEoMQTcH.8JmYi.pVO",[39m
[31m         firstName: "Raufun",[39m
[31m         ~~~~~~~~~[39m
[31m         lastName: "Ahsan",[39m
[31m         role: "STUDENT",[39m
[31m         verificationToken: "6269511a42f6f0a6028e784c8bcb60bd93b0db8616613f454859764a63d7f7f4",[39m
[31m     ?   id?: String,[39m
[31m     ?   status?: UserStatus,[39m
[31m     ?   emailVerified?: Boolean,[39m
[31m     ?   resetToken?: String | Null,[39m
[31m     ?   resetTokenExpiry?: DateTime | Null,[39m
[31m     ?   createdAt?: DateTime,[39m
[31m     ?   updatedAt?: DateTime,[39m
[31m     ?   profile?: ProfileCreateNestedOneWithoutUserInput,[39m
[31m     ?   sessions?: SessionCreateNestedManyWithoutUserInput,[39m
[31m     ?   messages?: MessageCreateNestedManyWithoutSenderInput,[39m
[31m     ?   receivedMessages?: MessageCreateNestedManyWithoutReceiverInput,[39m
[31m     ?   notifications?: NotificationCreateNestedManyWithoutUserInput[39m
[31m       }[39m
[31m     })[39m

[31mUnknown argument `firstName`. Available options are marked with ?.[39m
2025-03-02 09:10:22:1022 [31merror[39m: [31mRegistration error: [39m
[31mInvalid `prisma.user.create()` invocation in[39m
[31mE:\Work\MIST_Hackathon\server\src\services\auth.service.js:97:36[39m

[31m  94 const verificationToken = generateRandomToken();[39m
[31m  95 [39m
[31m  96 // Create user in database[39m
[31m→ 97 const user = await prisma.user.create({[39m
[31m       data: {[39m
[31m         email: "ahsan2007030@stud.kuet.ac.bd",[39m
[31m         password: "$2b$10$mYueJcRph7l0vZ0i/Hd/SeGvbaEzmhtCHan.hlrYqrv0EObIjkr0e",[39m
[31m         firstName: "Raufun",[39m
[31m         ~~~~~~~~~[39m
[31m         lastName: "Ahsan",[39m
[31m         role: "STUDENT",[39m
[31m         verificationToken: "b65525c46e8058131d2ee8df6a8319e8efa5c89c37540c1ba3811ba52cd5e26c",[39m
[31m     ?   id?: String,[39m
[31m     ?   status?: UserStatus,[39m
[31m     ?   emailVerified?: Boolean,[39m
[31m     ?   resetToken?: String | Null,[39m
[31m     ?   resetTokenExpiry?: DateTime | Null,[39m
[31m     ?   createdAt?: DateTime,[39m
[31m     ?   updatedAt?: DateTime,[39m
[31m     ?   profile?: ProfileCreateNestedOneWithoutUserInput,[39m
[31m     ?   sessions?: SessionCreateNestedManyWithoutUserInput,[39m
[31m     ?   messages?: MessageCreateNestedManyWithoutSenderInput,[39m
[31m     ?   receivedMessages?: MessageCreateNestedManyWithoutReceiverInput,[39m
[31m     ?   notifications?: NotificationCreateNestedManyWithoutUserInput[39m
[31m       }[39m
[31m     })[39m

[31mUnknown argument `firstName`. Available options are marked with ?.[39m
2025-03-02 09:10:22:1022 [31merror[39m: [31m[POST] /api/auth/register >> StatusCode:: 500, Message:: [39m
[31mInvalid `prisma.user.create()` invocation in[39m
[31mE:\Work\MIST_Hackathon\server\src\services\auth.service.js:97:36[39m

[31m  94 const verificationToken = generateRandomToken();[39m
[31m  95 [39m
[31m  96 // Create user in database[39m
[31m→ 97 const user = await prisma.user.create({[39m
[31m       data: {[39m
[31m         email: "ahsan2007030@stud.kuet.ac.bd",[39m
[31m         password: "$2b$10$mYueJcRph7l0vZ0i/Hd/SeGvbaEzmhtCHan.hlrYqrv0EObIjkr0e",[39m
[31m         firstName: "Raufun",[39m
[31m         ~~~~~~~~~[39m
[31m         lastName: "Ahsan",[39m
[31m         role: "STUDENT",[39m
[31m         verificationToken: "b65525c46e8058131d2ee8df6a8319e8efa5c89c37540c1ba3811ba52cd5e26c",[39m
[31m     ?   id?: String,[39m
[31m     ?   status?: UserStatus,[39m
[31m     ?   emailVerified?: Boolean,[39m
[31m     ?   resetToken?: String | Null,[39m
[31m     ?   resetTokenExpiry?: DateTime | Null,[39m
[31m     ?   createdAt?: DateTime,[39m
[31m     ?   updatedAt?: DateTime,[39m
[31m     ?   profile?: ProfileCreateNestedOneWithoutUserInput,[39m
[31m     ?   sessions?: SessionCreateNestedManyWithoutUserInput,[39m
[31m     ?   messages?: MessageCreateNestedManyWithoutSenderInput,[39m
[31m     ?   receivedMessages?: MessageCreateNestedManyWithoutReceiverInput,[39m
[31m     ?   notifications?: NotificationCreateNestedManyWithoutUserInput[39m
[31m       }[39m
[31m     })[39m

[31mUnknown argument `firstName`. Available options are marked with ?.[39m
2025-03-02 09:10:34:1034 [31merror[39m: [31mRegistration error: [39m
[31mInvalid `prisma.user.create()` invocation in[39m
[31mE:\Work\MIST_Hackathon\server\src\services\auth.service.js:97:36[39m

[31m  94 const verificationToken = generateRandomToken();[39m
[31m  95 [39m
[31m  96 // Create user in database[39m
[31m→ 97 const user = await prisma.user.create({[39m
[31m       data: {[39m
[31m         email: "ahsan2007030@stud.kuet.ac.bd",[39m
[31m         password: "$2b$10$CVopTO4VNhM.F7lbqobpF.shthYrt7KpDBSk6W1UfSxUjxn25/Unq",[39m
[31m         firstName: "Raufun",[39m
[31m         ~~~~~~~~~[39m
[31m         lastName: "Ahsan",[39m
[31m         role: "STUDENT",[39m
[31m         verificationToken: "9555fa9ee7b78e3b70413c53a9380d53299dc66c14f258015cb44300928b344a",[39m
[31m     ?   id?: String,[39m
[31m     ?   status?: UserStatus,[39m
[31m     ?   emailVerified?: Boolean,[39m
[31m     ?   resetToken?: String | Null,[39m
[31m     ?   resetTokenExpiry?: DateTime | Null,[39m
[31m     ?   createdAt?: DateTime,[39m
[31m     ?   updatedAt?: DateTime,[39m
[31m     ?   profile?: ProfileCreateNestedOneWithoutUserInput,[39m
[31m     ?   sessions?: SessionCreateNestedManyWithoutUserInput,[39m
[31m     ?   messages?: MessageCreateNestedManyWithoutSenderInput,[39m
[31m     ?   receivedMessages?: MessageCreateNestedManyWithoutReceiverInput,[39m
[31m     ?   notifications?: NotificationCreateNestedManyWithoutUserInput[39m
[31m       }[39m
[31m     })[39m

[31mUnknown argument `firstName`. Available options are marked with ?.[39m
2025-03-02 09:10:34:1034 [31merror[39m: [31m[POST] /api/auth/register >> StatusCode:: 500, Message:: [39m
[31mInvalid `prisma.user.create()` invocation in[39m
[31mE:\Work\MIST_Hackathon\server\src\services\auth.service.js:97:36[39m

[31m  94 const verificationToken = generateRandomToken();[39m
[31m  95 [39m
[31m  96 // Create user in database[39m
[31m→ 97 const user = await prisma.user.create({[39m
[31m       data: {[39m
[31m         email: "ahsan2007030@stud.kuet.ac.bd",[39m
[31m         password: "$2b$10$CVopTO4VNhM.F7lbqobpF.shthYrt7KpDBSk6W1UfSxUjxn25/Unq",[39m
[31m         firstName: "Raufun",[39m
[31m         ~~~~~~~~~[39m
[31m         lastName: "Ahsan",[39m
[31m         role: "STUDENT",[39m
[31m         verificationToken: "9555fa9ee7b78e3b70413c53a9380d53299dc66c14f258015cb44300928b344a",[39m
[31m     ?   id?: String,[39m
[31m     ?   status?: UserStatus,[39m
[31m     ?   emailVerified?: Boolean,[39m
[31m     ?   resetToken?: String | Null,[39m
[31m     ?   resetTokenExpiry?: DateTime | Null,[39m
[31m     ?   createdAt?: DateTime,[39m
[31m     ?   updatedAt?: DateTime,[39m
[31m     ?   profile?: ProfileCreateNestedOneWithoutUserInput,[39m
[31m     ?   sessions?: SessionCreateNestedManyWithoutUserInput,[39m
[31m     ?   messages?: MessageCreateNestedManyWithoutSenderInput,[39m
[31m     ?   receivedMessages?: MessageCreateNestedManyWithoutReceiverInput,[39m
[31m     ?   notifications?: NotificationCreateNestedManyWithoutUserInput[39m
[31m       }[39m
[31m     })[39m

[31mUnknown argument `firstName`. Available options are marked with ?.[39m
2025-03-02 09:12:55:1255 [31merror[39m: [31mRegistration error: [39m
[31mInvalid `prisma.user.create()` invocation in[39m
[31mE:\Work\MIST_Hackathon\server\src\services\auth.service.js:97:36[39m

[31m  94 const verificationToken = generateRandomToken();[39m
[31m  95 [39m
[31m  96 // Create user in database[39m
[31m→ 97 const user = await prisma.user.create({[39m
[31m       data: {[39m
[31m         email: "ahsan2007030@stud.kuet.ac.bd",[39m
[31m         password: "$2b$10$KrBaCY8EwMrgSFMUKot9FupyofhzWC0l.i/Snkm1vengA/wAnzsN.",[39m
[31m         firstName: "Raufun",[39m
[31m         ~~~~~~~~~[39m
[31m         lastName: "Ahsan",[39m
[31m         role: "STUDENT",[39m
[31m         verificationToken: "7e9e36744315dab828fc7ff2afea7fb1a4023c512531b24b62d320829789e14c",[39m
[31m     ?   id?: String,[39m
[31m     ?   status?: UserStatus,[39m
[31m     ?   emailVerified?: Boolean,[39m
[31m     ?   resetToken?: String | Null,[39m
[31m     ?   resetTokenExpiry?: DateTime | Null,[39m
[31m     ?   createdAt?: DateTime,[39m
[31m     ?   updatedAt?: DateTime,[39m
[31m     ?   profile?: ProfileCreateNestedOneWithoutUserInput,[39m
[31m     ?   sessions?: SessionCreateNestedManyWithoutUserInput,[39m
[31m     ?   messages?: MessageCreateNestedManyWithoutSenderInput,[39m
[31m     ?   receivedMessages?: MessageCreateNestedManyWithoutReceiverInput,[39m
[31m     ?   notifications?: NotificationCreateNestedManyWithoutUserInput[39m
[31m       }[39m
[31m     })[39m

[31mUnknown argument `firstName`. Available options are marked with ?.[39m
2025-03-02 09:12:55:1255 [31merror[39m: [31m[POST] /api/auth/register >> StatusCode:: 500, Message:: [39m
[31mInvalid `prisma.user.create()` invocation in[39m
[31mE:\Work\MIST_Hackathon\server\src\services\auth.service.js:97:36[39m

[31m  94 const verificationToken = generateRandomToken();[39m
[31m  95 [39m
[31m  96 // Create user in database[39m
[31m→ 97 const user = await prisma.user.create({[39m
[31m       data: {[39m
[31m         email: "ahsan2007030@stud.kuet.ac.bd",[39m
[31m         password: "$2b$10$KrBaCY8EwMrgSFMUKot9FupyofhzWC0l.i/Snkm1vengA/wAnzsN.",[39m
[31m         firstName: "Raufun",[39m
[31m         ~~~~~~~~~[39m
[31m         lastName: "Ahsan",[39m
[31m         role: "STUDENT",[39m
[31m         verificationToken: "7e9e36744315dab828fc7ff2afea7fb1a4023c512531b24b62d320829789e14c",[39m
[31m     ?   id?: String,[39m
[31m     ?   status?: UserStatus,[39m
[31m     ?   emailVerified?: Boolean,[39m
[31m     ?   resetToken?: String | Null,[39m
[31m     ?   resetTokenExpiry?: DateTime | Null,[39m
[31m     ?   createdAt?: DateTime,[39m
[31m     ?   updatedAt?: DateTime,[39m
[31m     ?   profile?: ProfileCreateNestedOneWithoutUserInput,[39m
[31m     ?   sessions?: SessionCreateNestedManyWithoutUserInput,[39m
[31m     ?   messages?: MessageCreateNestedManyWithoutSenderInput,[39m
[31m     ?   receivedMessages?: MessageCreateNestedManyWithoutReceiverInput,[39m
[31m     ?   notifications?: NotificationCreateNestedManyWithoutUserInput[39m
[31m       }[39m
[31m     })[39m

[31mUnknown argument `firstName`. Available options are marked with ?.[39m
2025-03-02 09:20:04:204 [31merror[39m: [31mLogin error: Account is not verified. Please check your email for verification link.[39m
2025-03-02 09:25:29:2529 [31merror[39m: [31mEmail verification error: Invalid or expired verification token[39m
2025-03-02 09:25:30:2530 [31merror[39m: [31mEmail verification error: Invalid or expired verification token[39m
2025-03-02 09:26:05:265 [31merror[39m: [31mEmail verification error: Invalid or expired verification token[39m
2025-03-02 09:26:21:2621 [31merror[39m: [31mEmail verification error: Invalid or expired verification token[39m
2025-03-02 09:26:22:2622 [31merror[39m: [31mEmail verification error: Invalid or expired verification token[39m
2025-03-02 09:26:26:2626 [31merror[39m: [31mEmail verification error: Invalid or expired verification token[39m
2025-03-02 09:26:26:2626 [31merror[39m: [31mEmail verification error: Invalid or expired verification token[39m
2025-03-02 09:26:35:2635 [31merror[39m: [31mEmail verification error: Invalid or expired verification token[39m
2025-03-02 09:26:49:2649 [31merror[39m: [31mEmail verification error: Invalid or expired verification token[39m
2025-03-02 09:26:49:2649 [31merror[39m: [31mEmail verification error: Invalid or expired verification token[39m
2025-03-02 09:27:23:2723 [31merror[39m: [31mEmail verification error: Invalid or expired verification token[39m
2025-03-02 09:27:23:2723 [31merror[39m: [31mEmail verification error: Invalid or expired verification token[39m
2025-03-02 09:33:59:3359 [31merror[39m: [31mLogin error: Account is not verified. Please check your email for verification link.[39m
2025-03-02 09:34:42:3442 [31merror[39m: [31mLogin error: Account is not verified. Please check your email for verification link.[39m
2025-03-02 09:34:50:3450 [31merror[39m: [31mLogin error: Account is not verified. Please check your email for verification link.[39m
2025-03-02 09:34:58:3458 [31merror[39m: [31mLogin error: Account is not verified. Please check your email for verification link.[39m
2025-03-02 09:36:46:3646 [31merror[39m: [31mLogin error: Account is not verified. Please check your email for verification link.[39m
2025-03-02 09:51:10:5110 [31merror[39m: [31mRegistration error: Validation failed: captchaToken: CAPTCHA verification is required[39m
2025-03-02 09:51:10:5110 [31merror[39m: [31m[POST] /api/auth/register >> StatusCode:: 400, Message:: Validation failed: captchaToken: CAPTCHA verification is required[39m
2025-03-02 09:51:13:5113 [31merror[39m: [31mRegistration error: Validation failed: captchaToken: CAPTCHA verification is required[39m
2025-03-02 09:51:13:5113 [31merror[39m: [31m[POST] /api/auth/register >> StatusCode:: 400, Message:: Validation failed: captchaToken: CAPTCHA verification is required[39m
2025-03-02 09:52:53:5253 [31merror[39m: [31mRegistration error: Validation failed: captchaToken: CAPTCHA verification is required[39m
2025-03-02 09:52:53:5253 [31merror[39m: [31m[POST] /api/auth/register >> StatusCode:: 400, Message:: Validation failed: captchaToken: CAPTCHA verification is required[39m
2025-03-02 09:55:19:5519 [31merror[39m: [31mRegistration error: Supabase auth error: A user with this email address has already been registered[39m
2025-03-02 09:55:19:5519 [31merror[39m: [31m[POST] /api/auth/register >> StatusCode:: 500, Message:: Supabase auth error: A user with this email address has already been registered[39m
2025-03-02 09:56:24:5624 [31merror[39m: [31mLogin error: Account is not active. Please contact support.[39m
2025-03-02 09:57:13:5713 [31merror[39m: [31mLogin error: Account is not active. Please contact support.[39m
2025-03-02 09:57:30:5730 [31merror[39m: [31mLogin error: Account is not active. Please contact support.[39m
2025-03-02 09:58:38:5838 [31merror[39m: [31mLogin error: supabaseAdmin.auth.admin.signInWithEmail is not a function[39m
2025-03-02 09:58:38:5838 [31merror[39m: [31m[POST] /api/auth/login >> StatusCode:: 500, Message:: supabaseAdmin.auth.admin.signInWithEmail is not a function[39m
2025-03-02 09:58:44:5844 [31merror[39m: [31mLogin error: supabaseAdmin.auth.admin.signInWithEmail is not a function[39m
2025-03-02 09:58:44:5844 [31merror[39m: [31m[POST] /api/auth/login >> StatusCode:: 500, Message:: supabaseAdmin.auth.admin.signInWithEmail is not a function[39m
2025-03-02 10:04:10:410 [31merror[39m: [31mLogin error: [39m
[31mInvalid `prisma.session.create()` invocation in[39m
[31mE:\Work\MIST_Hackathon\server\src\services\auth.service.js:226:26[39m

[31m  223 const tokens = generateTokens(user.id, user.role);[39m
[31m  224 [39m
[31m  225 // Create session[39m
[31m→ 226 await prisma.session.create([39m
[31mUnique constraint failed on the fields: (`token`)[39m
2025-03-02 10:04:10:410 [31merror[39m: [31m[POST] /api/auth/login >> StatusCode:: 409, Message:: [39m
[31mInvalid `prisma.session.create()` invocation in[39m
[31mE:\Work\MIST_Hackathon\server\src\services\auth.service.js:226:26[39m

[31m  223 const tokens = generateTokens(user.id, user.role);[39m
[31m  224 [39m
[31m  225 // Create session[39m
[31m→ 226 await prisma.session.create([39m
[31mUnique constraint failed on the fields: (`token`)[39m
2025-03-02 10:21:25:2125 [31merror[39m: [31mEmail verification error: Cannot read properties of null (reading 'email_confirmed_at')[39m
2025-03-02 10:21:25:2125 [31merror[39m: [31m[GET] /api/auth/verify-email/10eeb3e4b29bd3b4009a2ad7694bf82dd22d942d4d6a5bcffd1858b24471e0ce >> StatusCode:: 500, Message:: Cannot read properties of null (reading 'email_confirmed_at')[39m
2025-03-02 10:21:25:2125 [31merror[39m: [31mEmail verification error: Invalid or expired verification token[39m
2025-03-02 10:53:30:5330 [31merror[39m: [31mLogin error: Invalid email or password[39m
2025-03-02 10:53:30:5330 [31merror[39m: [31mToken refresh error: Invalid or expired refresh token[39m
2025-03-02 10:58:38:5838 [31merror[39m: [31mLogin error: Invalid email or password[39m
2025-03-02 10:58:45:5845 [31merror[39m: [31mLogin error: Invalid email or password[39m
2025-03-02 11:01:23:123 [31merror[39m: [31mEmail verification error: Cannot read properties of null (reading 'email_confirmed_at')[39m
2025-03-02 11:01:23:123 [31merror[39m: [31m[GET] /api/auth/verify-email/373c7312e8e6d4f5bbf2d661e6001aa92963a12ab88c54bb0cc224e23813f695 >> StatusCode:: 500, Message:: Cannot read properties of null (reading 'email_confirmed_at')[39m
2025-03-02 11:01:24:124 [31merror[39m: [31mEmail verification error: Invalid or expired verification token[39m
2025-03-02 11:04:47:447 [31merror[39m: [31mLogin error: Invalid email or password[39m
2025-03-02 11:04:47:447 [31merror[39m: [31mToken refresh error: Invalid or expired refresh token[39m
2025-03-02 11:30:58:3058 [31merror[39m: [31mToken refresh error: Invalid or expired refresh token[39m
2025-03-02 11:34:37:3437 [31merror[39m: [31mEmail verification error: Cannot read properties of null (reading 'email_confirmed_at')[39m
2025-03-02 11:34:37:3437 [31merror[39m: [31m[GET] /api/auth/verify-email/b93398b8d975c037ec300cacc3ee6e8df5257ce47d73b667cd5aeb9f574a1bb1 >> StatusCode:: 500, Message:: Cannot read properties of null (reading 'email_confirmed_at')[39m
2025-03-02 11:34:43:3443 [31merror[39m: [31mEmail verification error: Invalid or expired verification token[39m
2025-03-02 11:49:36:4936 [31merror[39m: [31m[POST] /login >> StatusCode:: 500, Message:: Expected property name or '}' in JSON at position 7 (line 2 column 5)[39m
2025-03-02 11:50:50:5050 [31merror[39m: [31m[POST] /api/login >> StatusCode:: 500, Message:: Expected property name or '}' in JSON at position 7 (line 2 column 5)[39m
2025-03-02 11:51:11:5111 [31merror[39m: [31m[POST] /api/login >> StatusCode:: 500, Message:: Expected property name or '}' in JSON at position 7 (line 2 column 5)[39m
2025-03-02 11:51:12:5112 [31merror[39m: [31m[POST] /api/login >> StatusCode:: 500, Message:: Expected property name or '}' in JSON at position 7 (line 2 column 5)[39m
2025-03-02 12:24:24:2424 [31merror[39m: [31mLogin error: Validation failed: password: Password is required[39m
2025-03-02 12:24:24:2424 [31merror[39m: [31m[POST] /api/auth/login >> StatusCode:: 400, Message:: Validation failed: password: Password is required[39m
2025-03-02 12:49:14:4914 [31merror[39m: [31m[POST] /api/auth/register >> StatusCode:: 500, Message:: Unexpected token '"', ""Raufun"" is not valid JSON[39m
2025-03-02 12:49:39:4939 [31merror[39m: [31m[POST] /api/auth/register >> StatusCode:: 500, Message:: Unexpected token '"', ""Raufun"" is not valid JSON[39m
2025-03-02 12:50:42:5042 [31merror[39m: [31m[POST] /api/auth/register >> StatusCode:: 500, Message:: Unexpected token '"', ""Raufun"" is not valid JSON[39m
2025-03-02 12:53:34:5334 [31merror[39m: [31m[POST] /api/auth/register >> StatusCode:: 500, Message:: Unexpected token '"', ""Raufun"" is not valid JSON[39m
2025-03-02 13:40:04:404 [31merror[39m: [31mEmail verification error: Invalid or expired verification token[39m
2025-03-02 13:40:04:404 [31merror[39m: [31mEmail verification error: Invalid or expired verification token[39m
2025-03-02 13:40:13:4013 [31merror[39m: [31mEmail verification error: Invalid or expired verification token[39m
2025-03-02 13:40:13:4013 [31merror[39m: [31mEmail verification error: Invalid or expired verification token[39m
2025-03-02 13:40:40:4040 [31merror[39m: [31mEmail verification error: Cannot read properties of null (reading 'email_confirmed_at')[39m
2025-03-02 13:40:40:4040 [31merror[39m: [31m[GET] /api/auth/verify-email/4666004192216c5d28d7f6ec81045d75ccc094f19b971c5c144beca995e55944 >> StatusCode:: 500, Message:: Cannot read properties of null (reading 'email_confirmed_at')[39m
2025-03-02 13:40:41:4041 [31merror[39m: [31mEmail verification error: Invalid or expired verification token[39m
2025-03-02 13:40:53:4053 [31merror[39m: [31mEmail verification error: Invalid or expired verification token[39m
2025-03-02 13:40:53:4053 [31merror[39m: [31mEmail verification error: Invalid or expired verification token[39m
2025-03-02 13:42:02:422 [31merror[39m: [31mEmail verification error: Invalid or expired verification token[39m
2025-03-02 13:42:03:423 [31merror[39m: [31mEmail verification error: Invalid or expired verification token[39m
2025-03-02 13:46:07:467 [31merror[39m: [31mEmail verification error: Invalid or expired verification token[39m
2025-03-02 13:46:07:467 [31merror[39m: [31mEmail verification error: Invalid or expired verification token[39m
2025-03-02 13:46:08:468 [31merror[39m: [31mEmail verification error: Invalid or expired verification token[39m
2025-03-02 13:46:08:468 [31merror[39m: [31mEmail verification error: Invalid or expired verification token[39m
2025-03-02 13:46:52:4652 [31merror[39m: [31mEmail verification error: Invalid or expired verification token[39m
2025-03-02 13:46:52:4652 [31merror[39m: [31mEmail verification error: Invalid or expired verification token[39m
2025-03-02 13:46:56:4656 [31merror[39m: [31mEmail verification error: Invalid or expired verification token[39m
2025-03-02 13:46:56:4656 [31merror[39m: [31mEmail verification error: Invalid or expired verification token[39m
2025-03-02 13:47:07:477 [31merror[39m: [31mEmail verification error: Invalid or expired verification token[39m
2025-03-02 13:47:07:477 [31merror[39m: [31mEmail verification error: Invalid or expired verification token[39m
2025-03-02 13:47:10:4710 [31merror[39m: [31mEmail verification error: Invalid or expired verification token[39m
2025-03-02 13:47:10:4710 [31merror[39m: [31mEmail verification error: Invalid or expired verification token[39m
2025-03-02 13:47:46:4746 [31merror[39m: [31mEmail verification error: Invalid or expired verification token[39m
2025-03-02 13:47:46:4746 [31merror[39m: [31mEmail verification error: Invalid or expired verification token[39m
2025-03-02 13:49:43:4943 [31merror[39m: [31mEmail verification error: Invalid or expired verification token[39m
2025-03-02 13:49:44:4944 [31merror[39m: [31mEmail verification error: Invalid or expired verification token[39m
2025-03-02 13:49:54:4954 [31merror[39m: [31mEmail verification error: Invalid or expired verification token[39m
2025-03-02 13:49:55:4955 [31merror[39m: [31mEmail verification error: Invalid or expired verification token[39m
2025-03-02 13:50:07:507 [31merror[39m: [31mEmail verification error: Invalid or expired verification token[39m
2025-03-02 13:50:07:507 [31merror[39m: [31mEmail verification error: Invalid or expired verification token[39m
2025-03-02 13:50:23:5023 [31merror[39m: [31mEmail verification error: Invalid or expired verification token[39m
2025-03-02 13:50:23:5023 [31merror[39m: [31mEmail verification error: Invalid or expired verification token[39m
2025-03-02 13:56:57:5657 [31merror[39m: [31mEmail verification error: Invalid or expired verification token[39m
2025-03-02 13:56:57:5657 [31merror[39m: [31mEmail verification error: Invalid or expired verification token[39m
2025-03-02 14:00:27:027 [31merror[39m: [31mEmail verification error: Invalid or expired verification token[39m
2025-03-02 14:00:27:027 [31merror[39m: [31mEmail verification error: Invalid or expired verification token[39m
2025-03-02 14:00:39:039 [31merror[39m: [31mEmail verification error: Invalid or expired verification token[39m
2025-03-02 14:00:39:039 [31merror[39m: [31mEmail verification error: Invalid or expired verification token[39m
2025-03-02 14:00:52:052 [31merror[39m: [31mEmail verification error: Invalid or expired verification token[39m
2025-03-02 14:00:52:052 [31merror[39m: [31mEmail verification error: Invalid or expired verification token[39m
2025-03-02 14:01:02:12 [31merror[39m: [31mEmail verification error: Invalid or expired verification token[39m
2025-03-02 14:01:02:12 [31merror[39m: [31mEmail verification error: Invalid or expired verification token[39m
2025-03-02 14:01:19:119 [31merror[39m: [31mEmail verification error: Invalid or expired verification token[39m
2025-03-02 14:01:19:119 [31merror[39m: [31mEmail verification error: Invalid or expired verification token[39m
2025-03-02 14:03:46:346 [31merror[39m: [31mLogin error: Invalid email or password[39m
2025-03-02 14:04:25:425 [31merror[39m: [31mEmail verification error: Cannot read properties of null (reading 'email_confirmed_at')[39m
2025-03-02 14:04:25:425 [31merror[39m: [31m[GET] /api/auth/verify-email/32549800fa56c28beb9b920b498d492b65b861628c7041c4e6b065f78b01f7cb >> StatusCode:: 500, Message:: Cannot read properties of null (reading 'email_confirmed_at')[39m
2025-03-02 14:04:25:425 [31merror[39m: [31mEmail verification error: Invalid or expired verification token[39m
2025-03-02 14:04:44:444 [31merror[39m: [31mEmail verification error: Invalid or expired verification token[39m
2025-03-02 14:04:44:444 [31merror[39m: [31mEmail verification error: Invalid or expired verification token[39m
2025-03-02 14:05:23:523 [31merror[39m: [31mEmail verification error: Invalid or expired verification token[39m
2025-03-02 14:05:23:523 [31merror[39m: [31mEmail verification error: Invalid or expired verification token[39m
2025-03-02 14:08:04:84 [31merror[39m: [31mRegistration error: A user with this email already exists[39m
2025-03-02 14:08:41:841 [31merror[39m: [31mEmail verification error: Cannot read properties of null (reading 'email_confirmed_at')[39m
2025-03-02 14:08:41:841 [31merror[39m: [31m[GET] /api/auth/verify-email/269156998f7e283dd78df87d88bb60400c575a15abd15985524a2e09aa64e32e >> StatusCode:: 500, Message:: Cannot read properties of null (reading 'email_confirmed_at')[39m
2025-03-02 14:08:41:841 [31merror[39m: [31mEmail verification error: Invalid or expired verification token[39m
2025-03-02 14:20:42:2042 [31merror[39m: [31mEmail verification error: Cannot read properties of null (reading 'email_confirmed_at')[39m
2025-03-02 14:20:42:2042 [31merror[39m: [31m[GET] /api/auth/verify-email/2a7e7d29cdda7b8224a35c14fb081c4d40f022b4f09935f69338dc44304ba93a >> StatusCode:: 500, Message:: Cannot read properties of null (reading 'email_confirmed_at')[39m
2025-03-02 14:20:43:2043 [31merror[39m: [31mEmail verification error: Invalid or expired verification token[39m
2025-03-02 14:25:03:253 [31merror[39m: [31mEmail verification error: Invalid or expired verification token[39m
2025-03-02 14:25:03:253 [31merror[39m: [31mEmail verification error: Invalid or expired verification token[39m
2025-03-02 14:25:06:256 [31merror[39m: [31mEmail verification error: Invalid or expired verification token[39m
2025-03-02 14:25:07:257 [31merror[39m: [31mEmail verification error: Invalid or expired verification token[39m
2025-03-02 14:25:38:2538 [31merror[39m: [31mEmail verification error: Cannot read properties of null (reading 'email_confirmed_at')[39m
2025-03-02 14:25:38:2538 [31merror[39m: [31m[GET] /api/auth/verify-email/415faec04dd04c101be0c2161e878cb99d47941f824c82534adc9483adaf7d8c >> StatusCode:: 500, Message:: Cannot read properties of null (reading 'email_confirmed_at')[39m
2025-03-02 14:25:38:2538 [31merror[39m: [31mEmail verification error: Invalid or expired verification token[39m
2025-03-02 14:27:31:2731 [31merror[39m: [31mEmail verification error: Invalid or expired verification token[39m
2025-03-02 14:27:31:2731 [31merror[39m: [31mEmail verification error: Invalid or expired verification token[39m
2025-03-02 14:28:36:2836 [31merror[39m: [31mEmail verification error: Invalid or expired verification token[39m
2025-03-02 14:29:41:2941 [31merror[39m: [31mEmail verification error: Invalid or expired verification token[39m
2025-03-02 14:29:42:2942 [31merror[39m: [31mEmail verification error: Invalid or expired verification token[39m
2025-03-02 14:46:28:4628 [31merror[39m: [31mEmail verification error: signedToken is not defined[39m
2025-03-02 14:46:28:4628 [31merror[39m: [31m[GET] /api/auth/verify-email/eyJhbGciOiJIUzI1NiIsInR5cCI6IkpXVCJ9.eyJpZCI6IjdiMTg5ZWU5LTBhZjQtNDg3OC04NTgzLWYxYjczMmQ3MjdmNSIsImlhdCI6MTc0MDkwNTEzNSwiZXhwIjoxNzQwOTA4NzM1fQ.mdtQdguzHppzyq1W7Y2PjDsqdpTuLbRJndayW-dUVeg >> StatusCode:: 500, Message:: signedToken is not defined[39m
2025-03-02 14:46:28:4628 [31merror[39m: [31mEmail verification error: signedToken is not defined[39m
2025-03-02 14:46:28:4628 [31merror[39m: [31m[GET] /api/auth/verify-email/eyJhbGciOiJIUzI1NiIsInR5cCI6IkpXVCJ9.eyJpZCI6IjdiMTg5ZWU5LTBhZjQtNDg3OC04NTgzLWYxYjczMmQ3MjdmNSIsImlhdCI6MTc0MDkwNTEzNSwiZXhwIjoxNzQwOTA4NzM1fQ.mdtQdguzHppzyq1W7Y2PjDsqdpTuLbRJndayW-dUVeg >> StatusCode:: 500, Message:: signedToken is not defined[39m
2025-03-02 14:47:46:4746 [31merror[39m: [31mEmail verification error: Cannot access 'user' before initialization[39m
2025-03-02 14:47:46:4746 [31merror[39m: [31m[GET] /api/auth/verify-email/eyJhbGciOiJIUzI1NiIsInR5cCI6IkpXVCJ9.eyJpZCI6IjdiMTg5ZWU5LTBhZjQtNDg3OC04NTgzLWYxYjczMmQ3MjdmNSIsImlhdCI6MTc0MDkwNTEzNSwiZXhwIjoxNzQwOTA4NzM1fQ.mdtQdguzHppzyq1W7Y2PjDsqdpTuLbRJndayW-dUVeg >> StatusCode:: 500, Message:: Cannot access 'user' before initialization[39m
2025-03-02 14:47:59:4759 [31merror[39m: [31mEmail verification error: Cannot access 'user' before initialization[39m
2025-03-02 14:47:59:4759 [31merror[39m: [31m[GET] /api/auth/verify-email/eyJhbGciOiJIUzI1NiIsInR5cCI6IkpXVCJ9.eyJpZCI6IjdiMTg5ZWU5LTBhZjQtNDg3OC04NTgzLWYxYjczMmQ3MjdmNSIsImlhdCI6MTc0MDkwNTEzNSwiZXhwIjoxNzQwOTA4NzM1fQ.mdtQdguzHppzyq1W7Y2PjDsqdpTuLbRJndayW-dUVeg >> StatusCode:: 500, Message:: Cannot access 'user' before initialization[39m
2025-03-02 14:47:59:4759 [31merror[39m: [31mEmail verification error: Cannot access 'user' before initialization[39m
2025-03-02 14:47:59:4759 [31merror[39m: [31m[GET] /api/auth/verify-email/eyJhbGciOiJIUzI1NiIsInR5cCI6IkpXVCJ9.eyJpZCI6IjdiMTg5ZWU5LTBhZjQtNDg3OC04NTgzLWYxYjczMmQ3MjdmNSIsImlhdCI6MTc0MDkwNTEzNSwiZXhwIjoxNzQwOTA4NzM1fQ.mdtQdguzHppzyq1W7Y2PjDsqdpTuLbRJndayW-dUVeg >> StatusCode:: 500, Message:: Cannot access 'user' before initialization[39m
2025-03-02 14:55:44:5544 [31merror[39m: [31mPassword reset request error: [39m
[31mInvalid `prisma.user.update()` invocation in[39m
[31mE:\Work\MIST_Hackathon\server\src\services\auth.service.js:353:23[39m

[31m  350 resetTokenExpiry.setHours(resetTokenExpiry.getHours() + 1); // Token expires in 1 hour[39m
[31m  351 [39m
[31m  352 // Update user with reset token and expiry[39m
[31m→ 353 await prisma.user.update({[39m
[31m        where: {[39m
[31m          id: "7b189ee9-0af4-4878-8583-f1b732d727f5"[39m
[31m        },[39m
[31m        data: {[39m
[31m          resetToken: {[39m
[31m            token: "fdcd603bd0ed1feb51dc07b1c71ad029b1c007df51bd9064bcf15ef21b1cc32e",[39m
[31m            ~~~~~[39m
[31m            signedToken: "eyJhbGciOiJIUzI1NiIsInR5cCI6IkpXVCJ9.eyJpYXQiOjE3NDA5MDU3NDQsImV4cCI6MTc0MDkwOTM0NH0.-rOYmoG0ge0Y1q9X5OaICJvPQ0J8POu1i-B12xfSCRQ",[39m
[31m      ?     set?: String | Null[39m
[31m          },[39m
[31m          resetTokenExpiry: new Date("2025-03-02T09:55:44.174Z")[39m
[31m        }[39m
[31m      })[39m

[31mUnknown argument `token`. Available options are marked with ?.[39m
2025-03-02 14:55:44:5544 [31merror[39m: [31m[POST] /api/auth/forgot-password >> StatusCode:: 500, Message:: [39m
[31mInvalid `prisma.user.update()` invocation in[39m
[31mE:\Work\MIST_Hackathon\server\src\services\auth.service.js:353:23[39m

[31m  350 resetTokenExpiry.setHours(resetTokenExpiry.getHours() + 1); // Token expires in 1 hour[39m
[31m  351 [39m
[31m  352 // Update user with reset token and expiry[39m
[31m→ 353 await prisma.user.update({[39m
[31m        where: {[39m
[31m          id: "7b189ee9-0af4-4878-8583-f1b732d727f5"[39m
[31m        },[39m
[31m        data: {[39m
[31m          resetToken: {[39m
[31m            token: "fdcd603bd0ed1feb51dc07b1c71ad029b1c007df51bd9064bcf15ef21b1cc32e",[39m
[31m            ~~~~~[39m
[31m            signedToken: "eyJhbGciOiJIUzI1NiIsInR5cCI6IkpXVCJ9.eyJpYXQiOjE3NDA5MDU3NDQsImV4cCI6MTc0MDkwOTM0NH0.-rOYmoG0ge0Y1q9X5OaICJvPQ0J8POu1i-B12xfSCRQ",[39m
[31m      ?     set?: String | Null[39m
[31m          },[39m
[31m          resetTokenExpiry: new Date("2025-03-02T09:55:44.174Z")[39m
[31m        }[39m
[31m      })[39m

[31mUnknown argument `token`. Available options are marked with ?.[39m
2025-03-02 14:56:00:560 [31merror[39m: [31mPassword reset request error: [39m
[31mInvalid `prisma.user.update()` invocation in[39m
[31mE:\Work\MIST_Hackathon\server\src\services\auth.service.js:353:23[39m

[31m  350 resetTokenExpiry.setHours(resetTokenExpiry.getHours() + 1); // Token expires in 1 hour[39m
[31m  351 [39m
[31m  352 // Update user with reset token and expiry[39m
[31m→ 353 await prisma.user.update({[39m
[31m        where: {[39m
[31m          id: "7b189ee9-0af4-4878-8583-f1b732d727f5"[39m
[31m        },[39m
[31m        data: {[39m
[31m          resetToken: {[39m
[31m            token: "2d1466b287287a59a9f4cbd079b8e9bf5be71a3af5818c2f15fa6310bb01c678",[39m
[31m            ~~~~~[39m
[31m            signedToken: "eyJhbGciOiJIUzI1NiIsInR5cCI6IkpXVCJ9.eyJpYXQiOjE3NDA5MDU3NjAsImV4cCI6MTc0MDkwOTM2MH0.9HZIEnhl3qBnRskADdNwbwSkU7v0YtTok53xaSopKr8",[39m
[31m      ?     set?: String | Null[39m
[31m          },[39m
[31m          resetTokenExpiry: new Date("2025-03-02T09:56:00.830Z")[39m
[31m        }[39m
[31m      })[39m

[31mUnknown argument `token`. Available options are marked with ?.[39m
2025-03-02 14:56:00:560 [31merror[39m: [31m[POST] /api/auth/forgot-password >> StatusCode:: 500, Message:: [39m
[31mInvalid `prisma.user.update()` invocation in[39m
[31mE:\Work\MIST_Hackathon\server\src\services\auth.service.js:353:23[39m

[31m  350 resetTokenExpiry.setHours(resetTokenExpiry.getHours() + 1); // Token expires in 1 hour[39m
[31m  351 [39m
[31m  352 // Update user with reset token and expiry[39m
[31m→ 353 await prisma.user.update({[39m
[31m        where: {[39m
[31m          id: "7b189ee9-0af4-4878-8583-f1b732d727f5"[39m
[31m        },[39m
[31m        data: {[39m
[31m          resetToken: {[39m
[31m            token: "2d1466b287287a59a9f4cbd079b8e9bf5be71a3af5818c2f15fa6310bb01c678",[39m
[31m            ~~~~~[39m
[31m            signedToken: "eyJhbGciOiJIUzI1NiIsInR5cCI6IkpXVCJ9.eyJpYXQiOjE3NDA5MDU3NjAsImV4cCI6MTc0MDkwOTM2MH0.9HZIEnhl3qBnRskADdNwbwSkU7v0YtTok53xaSopKr8",[39m
[31m      ?     set?: String | Null[39m
[31m          },[39m
[31m          resetTokenExpiry: new Date("2025-03-02T09:56:00.830Z")[39m
[31m        }[39m
[31m      })[39m

[31mUnknown argument `token`. Available options are marked with ?.[39m
2025-03-02 15:03:58:358 [31merror[39m: [31mPassword reset request error: [39m
[31mInvalid `prisma.user.update()` invocation in[39m
[31mE:\Work\MIST_Hackathon\server\src\services\auth.service.js:351:23[39m

[31m  348 resetTokenExpiry.setMinutes(resetTokenExpiry.getMinutes() + 10);[39m
[31m  349 [39m
[31m  350 // Update user with reset token and expiry[39m
[31m→ 351 await prisma.user.update({[39m
[31m        where: {[39m
[31m          id: "7b189ee9-0af4-4878-8583-f1b732d727f5"[39m
[31m        },[39m
[31m        data: {[39m
[31m          resetToken: {[39m
[31m            token: "ba235e26b8e31978ef39e891aaab0847b40bcb39e4d5875add8a7270423f22bc",[39m
[31m            ~~~~~[39m
[31m            signedToken: "eyJhbGciOiJIUzI1NiIsInR5cCI6IkpXVCJ9.eyJpYXQiOjE3NDA5MDYyMzgsImV4cCI6MTc0MDkwOTgzOH0.2R7R_rVM_hzSSzyeTGl96hdpDgrUgFMYCLyEplMd-mo",[39m
[31m      ?     set?: String | Null[39m
[31m          },[39m
[31m          resetTokenExpiry: new Date("2025-03-02T09:13:58.936Z")[39m
[31m        }[39m
[31m      })[39m

[31mUnknown argument `token`. Available options are marked with ?.[39m
2025-03-02 15:03:58:358 [31merror[39m: [31m[POST] /api/auth/forgot-password >> StatusCode:: 500, Message:: [39m
[31mInvalid `prisma.user.update()` invocation in[39m
[31mE:\Work\MIST_Hackathon\server\src\services\auth.service.js:351:23[39m

[31m  348 resetTokenExpiry.setMinutes(resetTokenExpiry.getMinutes() + 10);[39m
[31m  349 [39m
[31m  350 // Update user with reset token and expiry[39m
[31m→ 351 await prisma.user.update({[39m
[31m        where: {[39m
[31m          id: "7b189ee9-0af4-4878-8583-f1b732d727f5"[39m
[31m        },[39m
[31m        data: {[39m
[31m          resetToken: {[39m
[31m            token: "ba235e26b8e31978ef39e891aaab0847b40bcb39e4d5875add8a7270423f22bc",[39m
[31m            ~~~~~[39m
[31m            signedToken: "eyJhbGciOiJIUzI1NiIsInR5cCI6IkpXVCJ9.eyJpYXQiOjE3NDA5MDYyMzgsImV4cCI6MTc0MDkwOTgzOH0.2R7R_rVM_hzSSzyeTGl96hdpDgrUgFMYCLyEplMd-mo",[39m
[31m      ?     set?: String | Null[39m
[31m          },[39m
[31m          resetTokenExpiry: new Date("2025-03-02T09:13:58.936Z")[39m
[31m        }[39m
[31m      })[39m

[31mUnknown argument `token`. Available options are marked with ?.[39m
2025-03-02 15:07:01:71 [31merror[39m: [31mPassword reset error: Validation failed[39m
2025-03-02 15:07:01:71 [31merror[39m: [31m[POST] /api/auth/reset-password/4af4e3085abb7d4e7f24cb82f13b062360404bc8b205ac0c068330c92f97e64f >> StatusCode:: 400, Message:: Validation failed[39m
2025-03-02 15:08:39:839 [31merror[39m: [31mPassword reset error: Validation failed[39m
2025-03-02 15:08:39:839 [31merror[39m: [31m[POST] /api/auth/reset-password/4af4e3085abb7d4e7f24cb82f13b062360404bc8b205ac0c068330c92f97e64f >> StatusCode:: 400, Message:: Validation failed[39m
